# JRE version: OpenJDK Runtime Environment Temurin-17.0.2+8 (17.0.2+8) (build 17.0.2+8)
# Java VM: OpenJDK 64-Bit Server VM Temurin-17.0.2+8 (17.0.2+8, mixed mode, tiered, compressed oops, compressed class ptrs, parallel gc, windows-amd64)
GC Precious Log:
 CPUs: 4 total, 4 available
 Memory: 12076M
 Large Page Support: Disabled
 NUMA Support: Disabled
 Compressed Oops: Enabled (32-bit)
 Alignments: Space 512K, Generation 512K, Heap 2M
 Heap Min Capacity: 100M
 Heap Initial Capacity: 100M
 Heap Max Capacity: 1G
 Pre-touch: Disabled
 Parallel Workers: 4
Heap:
 PSYoungGen      total 6144K, used 1005K [0x00000000eab00000, 0x00000000eb800000, 0x0000000100000000)
  eden space 5120K, 0% used [0x00000000eab00000,0x00000000eab00000,0x00000000eb000000)
  from space 1024K, 98% used [0x00000000eb200000,0x00000000eb2fb7a0,0x00000000eb300000)
  to   space 4096K, 0% used [0x00000000eb400000,0x00000000eb400000,0x00000000eb800000)
 ParOldGen       total 62464K, used 61770K [0x00000000c0000000, 0x00000000c3d00000, 0x00000000eab00000)
  object space 62464K, 98% used [0x00000000c0000000,0x00000000c3c529b0,0x00000000c3d00000)
 Metaspace       used 69741K, committed 70656K, reserved 1114112K
  class space    used 8444K, committed 8896K, reserved 1048576K
GC Heap History (20 events):
Event: 148.090 GC heap after
{Heap after GC invocations=147 (full 8):
 PSYoungGen      total 7168K, used 1696K [0x00000000eab00000, 0x00000000eb700000, 0x0000000100000000)
  eden space 5120K, 0% used [0x00000000eab00000,0x00000000eab00000,0x00000000eb000000)
  from space 2048K, 82% used [0x00000000eb500000,0x00000000eb6a8000,0x00000000eb700000)
  to   space 2560K, 0% used [0x00000000eb200000,0x00000000eb200000,0x00000000eb480000)
 ParOldGen       total 60416K, used 56864K [0x00000000c0000000, 0x00000000c3b00000, 0x00000000eab00000)
  object space 60416K, 94% used [0x00000000c0000000,0x00000000c37882b8,0x00000000c3b00000)
 Metaspace       used 66480K, committed 67456K, reserved 1114112K
  class space    used 8102K, committed 8576K, reserved 1048576K
}
Event: 148.224 GC heap before
{Heap before GC invocations=148 (full 8):
 PSYoungGen      total 7168K, used 6816K [0x00000000eab00000, 0x00000000eb700000, 0x0000000100000000)
  eden space 5120K, 100% used [0x00000000eab00000,0x00000000eb000000,0x00000000eb000000)
  from space 2048K, 82% used [0x00000000eb500000,0x00000000eb6a8000,0x00000000eb700000)
  to   space 2560K, 0% used [0x00000000eb200000,0x00000000eb200000,0x00000000eb480000)
 ParOldGen       total 60416K, used 56864K [0x00000000c0000000, 0x00000000c3b00000, 0x00000000eab00000)
  object space 60416K, 94% used [0x00000000c0000000,0x00000000c37882b8,0x00000000c3b00000)
 Metaspace       used 66480K, committed 67456K, reserved 1114112K
  class space    used 8102K, committed 8576K, reserved 1048576K
}
Event: 148.227 GC heap after
{Heap after GC invocations=148 (full 8):
 PSYoungGen      total 7168K, used 1568K [0x00000000eab00000, 0x00000000eb580000, 0x0000000100000000)
  eden space 5120K, 0% used [0x00000000eab00000,0x00000000eab00000,0x00000000eb000000)
  from space 2048K, 76% used [0x00000000eb200000,0x00000000eb388000,0x00000000eb400000)
  to   space 1536K, 0% used [0x00000000eb400000,0x00000000eb400000,0x00000000eb580000)
 ParOldGen       total 60416K, used 57016K [0x00000000c0000000, 0x00000000c3b00000, 0x00000000eab00000)
  object space 60416K, 94% used [0x00000000c0000000,0x00000000c37ae2b8,0x00000000c3b00000)
 Metaspace       used 66480K, committed 67456K, reserved 1114112K
  class space    used 8102K, committed 8576K, reserved 1048576K
}
Event: 148.341 GC heap before
{Heap before GC invocations=149 (full 8):
 PSYoungGen      total 7168K, used 6688K [0x00000000eab00000, 0x00000000eb580000, 0x0000000100000000)
  eden space 5120K, 100% used [0x00000000eab00000,0x00000000eb000000,0x00000000eb000000)
  from space 2048K, 76% used [0x00000000eb200000,0x00000000eb388000,0x00000000eb400000)
  to   space 1536K, 0% used [0x00000000eb400000,0x00000000eb400000,0x00000000eb580000)
 ParOldGen       total 60416K, used 57016K [0x00000000c0000000, 0x00000000c3b00000, 0x00000000eab00000)
  object space 60416K, 94% used [0x00000000c0000000,0x00000000c37ae2b8,0x00000000c3b00000)
 Metaspace       used 66480K, committed 67456K, reserved 1114112K
  class space    used 8102K, committed 8576K, reserved 1048576K
}
Event: 148.344 GC heap after
{Heap after GC invocations=149 (full 8):
 PSYoungGen      total 6656K, used 1152K [0x00000000eab00000, 0x00000000eb580000, 0x0000000100000000)
  eden space 5120K, 0% used [0x00000000eab00000,0x00000000eab00000,0x00000000eb000000)
  from space 1536K, 75% used [0x00000000eb400000,0x00000000eb520000,0x00000000eb580000)
  to   space 1536K, 0% used [0x00000000eb280000,0x00000000eb280000,0x00000000eb400000)
 ParOldGen       total 60416K, used 57448K [0x00000000c0000000, 0x00000000c3b00000, 0x00000000eab00000)
  object space 60416K, 95% used [0x00000000c0000000,0x00000000c381a2b8,0x00000000c3b00000)
 Metaspace       used 66480K, committed 67456K, reserved 1114112K
  class space    used 8102K, committed 8576K, reserved 1048576K
}
Event: 148.638 GC heap before
{Heap before GC invocations=150 (full 8):
 PSYoungGen      total 6656K, used 6272K [0x00000000eab00000, 0x00000000eb580000, 0x0000000100000000)
  eden space 5120K, 100% used [0x00000000eab00000,0x00000000eb000000,0x00000000eb000000)
  from space 1536K, 75% used [0x00000000eb400000,0x00000000eb520000,0x00000000eb580000)
  to   space 1536K, 0% used [0x00000000eb280000,0x00000000eb280000,0x00000000eb400000)
 ParOldGen       total 60416K, used 57448K [0x00000000c0000000, 0x00000000c3b00000, 0x00000000eab00000)
  object space 60416K, 95% used [0x00000000c0000000,0x00000000c381a2e8,0x00000000c3b00000)
 Metaspace       used 66632K, committed 67520K, reserved 1114112K
  class space    used 8118K, committed 8576K, reserved 1048576K
}
Event: 148.641 GC heap after
{Heap after GC invocations=150 (full 8):
 PSYoungGen      total 6656K, used 1239K [0x00000000eab00000, 0x00000000eb480000, 0x0000000100000000)
  eden space 5120K, 0% used [0x00000000eab00000,0x00000000eab00000,0x00000000eb000000)
  from space 1536K, 80% used [0x00000000eb280000,0x00000000eb3b5de8,0x00000000eb400000)
  to   space 512K, 0% used [0x00000000eb400000,0x00000000eb400000,0x00000000eb480000)
 ParOldGen       total 60416K, used 57728K [0x00000000c0000000, 0x00000000c3b00000, 0x00000000eab00000)
  object space 60416K, 95% used [0x00000000c0000000,0x00000000c38602e8,0x00000000c3b00000)
 Metaspace       used 66632K, committed 67520K, reserved 1114112K
  class space    used 8118K, committed 8576K, reserved 1048576K
}
Event: 148.855 GC heap before
{Heap before GC invocations=151 (full 8):
 PSYoungGen      total 6656K, used 6359K [0x00000000eab00000, 0x00000000eb480000, 0x0000000100000000)
  eden space 5120K, 100% used [0x00000000eab00000,0x00000000eb000000,0x00000000eb000000)
  from space 1536K, 80% used [0x00000000eb280000,0x00000000eb3b5de8,0x00000000eb400000)
  to   space 512K, 0% used [0x00000000eb400000,0x00000000eb400000,0x00000000eb480000)
 ParOldGen       total 60416K, used 57730K [0x00000000c0000000, 0x00000000c3b00000, 0x00000000eab00000)
  object space 60416K, 95% used [0x00000000c0000000,0x00000000c3860910,0x00000000c3b00000)
 Metaspace       used 66796K, committed 67776K, reserved 1114112K
  class space    used 8136K, committed 8576K, reserved 1048576K
}
Event: 148.858 GC heap after
{Heap after GC invocations=151 (full 8):
 PSYoungGen      total 5632K, used 512K [0x00000000eab00000, 0x00000000eb480000, 0x0000000100000000)
  eden space 5120K, 0% used [0x00000000eab00000,0x00000000eab00000,0x00000000eb000000)
  from space 512K, 100% used [0x00000000eb400000,0x00000000eb480000,0x00000000eb480000)
  to   space 1536K, 0% used [0x00000000eb180000,0x00000000eb180000,0x00000000eb300000)
 ParOldGen       total 60416K, used 58550K [0x00000000c0000000, 0x00000000c3b00000, 0x00000000eab00000)
  object space 60416K, 96% used [0x00000000c0000000,0x00000000c392d8b0,0x00000000c3b00000)
 Metaspace       used 66796K, committed 67776K, reserved 1114112K
  class space    used 8136K, committed 8576K, reserved 1048576K
}
Event: 149.141 GC heap before
{Heap before GC invocations=152 (full 8):
 PSYoungGen      total 5632K, used 5632K [0x00000000eab00000, 0x00000000eb480000, 0x0000000100000000)
  eden space 5120K, 100% used [0x00000000eab00000,0x00000000eb000000,0x00000000eb000000)
  from space 512K, 100% used [0x00000000eb400000,0x00000000eb480000,0x00000000eb480000)
  to   space 1536K, 0% used [0x00000000eb180000,0x00000000eb180000,0x00000000eb300000)
 ParOldGen       total 60416K, used 58550K [0x00000000c0000000, 0x00000000c3b00000, 0x00000000eab00000)
  object space 60416K, 96% used [0x00000000c0000000,0x00000000c392d8b0,0x00000000c3b00000)
 Metaspace       used 67255K, committed 68224K, reserved 1114112K
  class space    used 8204K, committed 8640K, reserved 1048576K
}
Event: 149.143 GC heap after
{Heap after GC invocations=152 (full 8):
 PSYoungGen      total 6656K, used 704K [0x00000000eab00000, 0x00000000eb480000, 0x0000000100000000)
  eden space 5120K, 0% used [0x00000000eab00000,0x00000000eab00000,0x00000000eb000000)
  from space 1536K, 45% used [0x00000000eb180000,0x00000000eb230000,0x00000000eb300000)
  to   space 1024K, 0% used [0x00000000eb380000,0x00000000eb380000,0x00000000eb480000)
 ParOldGen       total 60416K, used 58630K [0x00000000c0000000, 0x00000000c3b00000, 0x00000000eab00000)
  object space 60416K, 97% used [0x00000000c0000000,0x00000000c39418b0,0x00000000c3b00000)
 Metaspace       used 67255K, committed 68224K, reserved 1114112K
  class space    used 8204K, committed 8640K, reserved 1048576K
}
Event: 149.401 GC heap before
{Heap before GC invocations=153 (full 8):
 PSYoungGen      total 6656K, used 5794K [0x00000000eab00000, 0x00000000eb480000, 0x0000000100000000)
  eden space 5120K, 99% used [0x00000000eab00000,0x00000000eaff8bb0,0x00000000eb000000)
  from space 1536K, 45% used [0x00000000eb180000,0x00000000eb230000,0x00000000eb300000)
  to   space 1024K, 0% used [0x00000000eb380000,0x00000000eb380000,0x00000000eb480000)
 ParOldGen       total 60416K, used 58630K [0x00000000c0000000, 0x00000000c3b00000, 0x00000000eab00000)
  object space 60416K, 97% used [0x00000000c0000000,0x00000000c39418b0,0x00000000c3b00000)
 Metaspace       used 68987K, committed 69888K, reserved 1114112K
  class space    used 8393K, committed 8832K, reserved 1048576K
}
Event: 149.405 GC heap after
{Heap after GC invocations=153 (full 8):
 PSYoungGen      total 6144K, used 992K [0x00000000eab00000, 0x00000000eb480000, 0x0000000100000000)
  eden space 5120K, 0% used [0x00000000eab00000,0x00000000eab00000,0x00000000eb000000)
  from space 1024K, 96% used [0x00000000eb380000,0x00000000eb478010,0x00000000eb480000)
  to   space 1536K, 0% used [0x00000000eb180000,0x00000000eb180000,0x00000000eb300000)
 ParOldGen       total 60416K, used 58932K [0x00000000c0000000, 0x00000000c3b00000, 0x00000000eab00000)
  object space 60416K, 97% used [0x00000000c0000000,0x00000000c398d1f0,0x00000000c3b00000)
 Metaspace       used 68987K, committed 69888K, reserved 1114112K
  class space    used 8393K, committed 8832K, reserved 1048576K
}
Event: 149.832 GC heap before
{Heap before GC invocations=154 (full 8):
 PSYoungGen      total 6144K, used 6112K [0x00000000eab00000, 0x00000000eb480000, 0x0000000100000000)
  eden space 5120K, 100% used [0x00000000eab00000,0x00000000eb000000,0x00000000eb000000)
  from space 1024K, 96% used [0x00000000eb380000,0x00000000eb478010,0x00000000eb480000)
  to   space 1536K, 0% used [0x00000000eb180000,0x00000000eb180000,0x00000000eb300000)
 ParOldGen       total 60416K, used 58932K [0x00000000c0000000, 0x00000000c3b00000, 0x00000000eab00000)
  object space 60416K, 97% used [0x00000000c0000000,0x00000000c398d1f0,0x00000000c3b00000)
 Metaspace       used 69601K, committed 70464K, reserved 1114112K
  class space    used 8433K, committed 8832K, reserved 1048576K
}
Event: 149.835 GC heap after
{Heap after GC invocations=154 (full 8):
 PSYoungGen      total 6656K, used 1344K [0x00000000eab00000, 0x00000000eb400000, 0x0000000100000000)
  eden space 5120K, 0% used [0x00000000eab00000,0x00000000eab00000,0x00000000eb000000)
  from space 1536K, 87% used [0x00000000eb180000,0x00000000eb2d0030,0x00000000eb300000)
  to   space 1024K, 0% used [0x00000000eb300000,0x00000000eb300000,0x00000000eb400000)
 ParOldGen       total 60416K, used 59046K [0x00000000c0000000, 0x00000000c3b00000, 0x00000000eab00000)
  object space 60416K, 97% used [0x00000000c0000000,0x00000000c39a98e8,0x00000000c3b00000)
 Metaspace       used 69601K, committed 70464K, reserved 1114112K
  class space    used 8433K, committed 8832K, reserved 1048576K
}
Event: 149.962 GC heap before
{Heap before GC invocations=155 (full 8):
 PSYoungGen      total 6656K, used 5596K [0x00000000eab00000, 0x00000000eb400000, 0x0000000100000000)
  eden space 5120K, 83% used [0x00000000eab00000,0x00000000eaf27240,0x00000000eb000000)
  from space 1536K, 87% used [0x00000000eb180000,0x00000000eb2d0030,0x00000000eb300000)
  to   space 1024K, 0% used [0x00000000eb300000,0x00000000eb300000,0x00000000eb400000)
 ParOldGen       total 60416K, used 59046K [0x00000000c0000000, 0x00000000c3b00000, 0x00000000eab00000)
  object space 60416K, 97% used [0x00000000c0000000,0x00000000c39a98e8,0x00000000c3b00000)
 Metaspace       used 69730K, committed 70656K, reserved 1114112K
  class space    used 8444K, committed 8896K, reserved 1048576K
}
Event: 149.966 GC heap after
{Heap after GC invocations=155 (full 8):
 PSYoungGen      total 6144K, used 832K [0x00000000eab00000, 0x00000000eb400000, 0x0000000100000000)
  eden space 5120K, 0% used [0x00000000eab00000,0x00000000eab00000,0x00000000eb000000)
  from space 1024K, 81% used [0x00000000eb300000,0x00000000eb3d0000,0x00000000eb400000)
  to   space 1024K, 0% used [0x00000000eb200000,0x00000000eb200000,0x00000000eb300000)
 ParOldGen       total 60416K, used 59566K [0x00000000c0000000, 0x00000000c3b00000, 0x00000000eab00000)
  object space 60416K, 98% used [0x00000000c0000000,0x00000000c3a2b8f8,0x00000000c3b00000)
 Metaspace       used 69730K, committed 70656K, reserved 1114112K
  class space    used 8444K, committed 8896K, reserved 1048576K
}
Event: 150.007 GC heap before
{Heap before GC invocations=156 (full 8):
 PSYoungGen      total 6144K, used 5952K [0x00000000eab00000, 0x00000000eb400000, 0x0000000100000000)
  eden space 5120K, 100% used [0x00000000eab00000,0x00000000eb000000,0x00000000eb000000)
  from space 1024K, 81% used [0x00000000eb300000,0x00000000eb3d0000,0x00000000eb400000)
  to   space 1024K, 0% used [0x00000000eb200000,0x00000000eb200000,0x00000000eb300000)
 ParOldGen       total 60416K, used 59566K [0x00000000c0000000, 0x00000000c3b00000, 0x00000000eab00000)
  object space 60416K, 98% used [0x00000000c0000000,0x00000000c3a2b8f8,0x00000000c3b00000)
 Metaspace       used 69741K, committed 70656K, reserved 1114112K
  class space    used 8444K, committed 8896K, reserved 1048576K
}
Event: 150.011 GC heap after
{Heap after GC invocations=156 (full 8):
 PSYoungGen      total 6144K, used 1005K [0x00000000eab00000, 0x00000000eb800000, 0x0000000100000000)
  eden space 5120K, 0% used [0x00000000eab00000,0x00000000eab00000,0x00000000eb000000)
  from space 1024K, 98% used [0x00000000eb200000,0x00000000eb2fb7a0,0x00000000eb300000)
  to   space 4096K, 0% used [0x00000000eb400000,0x00000000eb400000,0x00000000eb800000)
 ParOldGen       total 62464K, used 61770K [0x00000000c0000000, 0x00000000c3d00000, 0x00000000eab00000)
  object space 62464K, 98% used [0x00000000c0000000,0x00000000c3c529b0,0x00000000c3d00000)
 Metaspace       used 69741K, committed 70656K, reserved 1114112K
  class space    used 8444K, committed 8896K, reserved 1048576K
}
Event: 150.011 GC heap before
{Heap before GC invocations=157 (full 9):
 PSYoungGen      total 6144K, used 1005K [0x00000000eab00000, 0x00000000eb800000, 0x0000000100000000)
  eden space 5120K, 0% used [0x00000000eab00000,0x00000000eab00000,0x00000000eb000000)
  from space 1024K, 98% used [0x00000000eb200000,0x00000000eb2fb7a0,0x00000000eb300000)
  to   space 4096K, 0% used [0x00000000eb400000,0x00000000eb400000,0x00000000eb800000)
 ParOldGen       total 62464K, used 61770K [0x00000000c0000000, 0x00000000c3d00000, 0x00000000eab00000)
  object space 62464K, 98% used [0x00000000c0000000,0x00000000c3c529b0,0x00000000c3d00000)
 Metaspace       used 69741K, committed 70656K, reserved 1114112K
  class space    used 8444K, committed 8896K, reserved 1048576K
}

