# JRE version: Java(TM) SE Runtime Environment (8.0_60-b27) (build 1.8.0_60-b27)
# Java VM: Java HotSpot(TM) 64-Bit Server VM (25.60-b23 mixed mode windows-amd64 compressed oops)
Heap:
 PSYoungGen      total 148480K, used 34221K [0x00000000f5580000, 0x0000000100000000, 0x0000000100000000)
  eden space 131584K, 15% used [0x00000000f5580000,0x00000000f69b9440,0x00000000fd600000)
  from space 16896K, 79% used [0x00000000fef80000,0x00000000ffcb2390,0x0000000100000000)
  to   space 21504K, 0% used [0x00000000fd600000,0x00000000fd600000,0x00000000feb00000)
 ParOldGen       total 175104K, used 28589K [0x00000000e0000000, 0x00000000eab00000, 0x00000000f5580000)
  object space 175104K, 16% used [0x00000000e0000000,0x00000000e1beb670,0x00000000eab00000)
 Metaspace       used 52912K, capacity 55523K, committed 55808K, reserved 1097728K
  class space    used 7099K, capacity 7649K, committed 7680K, reserved 1048576K
GC Heap History (10 events):
Event: 12.187 GC heap before
{Heap before GC invocations=8 (full 2):
 PSYoungGen      total 159232K, used 6650K [0x00000000f5580000, 0x0000000100000000, 0x0000000100000000)
  eden space 143872K, 0% used [0x00000000f5580000,0x00000000f5580000,0x00000000fe200000)
  from space 15360K, 43% used [0x00000000ff100000,0x00000000ff77eb50,0x0000000100000000)
  to   space 15360K, 0% used [0x00000000fe200000,0x00000000fe200000,0x00000000ff100000)
 ParOldGen       total 175104K, used 12870K [0x00000000e0000000, 0x00000000eab00000, 0x00000000f5580000)
  object space 175104K, 7% used [0x00000000e0000000,0x00000000e0c91a98,0x00000000eab00000)
 Metaspace       used 34005K, capacity 35401K, committed 35496K, reserved 1079296K
  class space    used 4975K, capacity 5281K, committed 5376K, reserved 1048576K
Event: 12.267 GC heap after
Heap after GC invocations=8 (full 2):
 PSYoungGen      total 159232K, used 0K [0x00000000f5580000, 0x0000000100000000, 0x0000000100000000)
  eden space 143872K, 0% used [0x00000000f5580000,0x00000000f5580000,0x00000000fe200000)
  from space 15360K, 0% used [0x00000000ff100000,0x00000000ff100000,0x0000000100000000)
  to   space 15360K, 0% used [0x00000000fe200000,0x00000000fe200000,0x00000000ff100000)
 ParOldGen       total 175104K, used 13997K [0x00000000e0000000, 0x00000000eab00000, 0x00000000f5580000)
  object space 175104K, 7% used [0x00000000e0000000,0x00000000e0dab7f8,0x00000000eab00000)
 Metaspace       used 34005K, capacity 35401K, committed 35496K, reserved 1079296K
  class space    used 4975K, capacity 5281K, committed 5376K, reserved 1048576K
}
Event: 15.240 GC heap before
{Heap before GC invocations=9 (full 2):
 PSYoungGen      total 159232K, used 143872K [0x00000000f5580000, 0x0000000100000000, 0x0000000100000000)
  eden space 143872K, 100% used [0x00000000f5580000,0x00000000fe200000,0x00000000fe200000)
  from space 15360K, 0% used [0x00000000ff100000,0x00000000ff100000,0x0000000100000000)
  to   space 15360K, 0% used [0x00000000fe200000,0x00000000fe200000,0x00000000ff100000)
 ParOldGen       total 175104K, used 13997K [0x00000000e0000000, 0x00000000eab00000, 0x00000000f5580000)
  object space 175104K, 7% used [0x00000000e0000000,0x00000000e0dab7f8,0x00000000eab00000)
 Metaspace       used 37369K, capacity 38949K, committed 39296K, reserved 1083392K
  class space    used 5312K, capacity 5668K, committed 5760K, reserved 1048576K
Event: 15.271 GC heap after
Heap after GC invocations=9 (full 2):
 PSYoungGen      total 154112K, used 10211K [0x00000000f5580000, 0x00000000fff00000, 0x0000000100000000)
  eden space 143872K, 0% used [0x00000000f5580000,0x00000000f5580000,0x00000000fe200000)
  from space 10240K, 99% used [0x00000000fe200000,0x00000000febf8db0,0x00000000fec00000)
  to   space 14848K, 0% used [0x00000000ff080000,0x00000000ff080000,0x00000000fff00000)
 ParOldGen       total 175104K, used 14005K [0x00000000e0000000, 0x00000000eab00000, 0x00000000f5580000)
  object space 175104K, 7% used [0x00000000e0000000,0x00000000e0dad7f8,0x00000000eab00000)
 Metaspace       used 37369K, capacity 38949K, committed 39296K, reserved 1083392K
  class space    used 5312K, capacity 5668K, committed 5760K, reserved 1048576K
}
Event: 23.374 GC heap before
{Heap before GC invocations=10 (full 2):
 PSYoungGen      total 154112K, used 154083K [0x00000000f5580000, 0x00000000fff00000, 0x0000000100000000)
  eden space 143872K, 100% used [0x00000000f5580000,0x00000000fe200000,0x00000000fe200000)
  from space 10240K, 99% used [0x00000000fe200000,0x00000000febf8db0,0x00000000fec00000)
  to   space 14848K, 0% used [0x00000000ff080000,0x00000000ff080000,0x00000000fff00000)
 ParOldGen       total 175104K, used 14005K [0x00000000e0000000, 0x00000000eab00000, 0x00000000f5580000)
  object space 175104K, 7% used [0x00000000e0000000,0x00000000e0dad7f8,0x00000000eab00000)
 Metaspace       used 41884K, capacity 43969K, committed 44288K, reserved 1087488K
  class space    used 5848K, capacity 6290K, committed 6400K, reserved 1048576K
Event: 23.410 GC heap after
Heap after GC invocations=10 (full 2):
 PSYoungGen      total 155648K, used 14834K [0x00000000f5580000, 0x0000000100000000, 0x0000000100000000)
  eden space 140800K, 0% used [0x00000000f5580000,0x00000000f5580000,0x00000000fdf00000)
  from space 14848K, 99% used [0x00000000ff080000,0x00000000ffefca10,0x00000000fff00000)
  to   space 16896K, 0% used [0x00000000fdf00000,0x00000000fdf00000,0x00000000fef80000)
 ParOldGen       total 175104K, used 14531K [0x00000000e0000000, 0x00000000eab00000, 0x00000000f5580000)
  object space 175104K, 8% used [0x00000000e0000000,0x00000000e0e30da8,0x00000000eab00000)
 Metaspace       used 41884K, capacity 43969K, committed 44288K, reserved 1087488K
  class space    used 5848K, capacity 6290K, committed 6400K, reserved 1048576K
}
Event: 33.062 GC heap before
{Heap before GC invocations=11 (full 2):
 PSYoungGen      total 155648K, used 155634K [0x00000000f5580000, 0x0000000100000000, 0x0000000100000000)
  eden space 140800K, 100% used [0x00000000f5580000,0x00000000fdf00000,0x00000000fdf00000)
  from space 14848K, 99% used [0x00000000ff080000,0x00000000ffefca10,0x00000000fff00000)
  to   space 16896K, 0% used [0x00000000fdf00000,0x00000000fdf00000,0x00000000fef80000)
 ParOldGen       total 175104K, used 14531K [0x00000000e0000000, 0x00000000eab00000, 0x00000000f5580000)
  object space 175104K, 8% used [0x00000000e0000000,0x00000000e0e30da8,0x00000000eab00000)
 Metaspace       used 51121K, capacity 53563K, committed 53632K, reserved 1095680K
  class space    used 7024K, capacity 7531K, committed 7552K, reserved 1048576K
Event: 33.099 GC heap after
Heap after GC invocations=11 (full 2):
 PSYoungGen      total 157696K, used 16888K [0x00000000f5580000, 0x0000000100000000, 0x0000000100000000)
  eden space 140800K, 0% used [0x00000000f5580000,0x00000000f5580000,0x00000000fdf00000)
  from space 16896K, 99% used [0x00000000fdf00000,0x00000000fef7e238,0x00000000fef80000)
  to   space 16896K, 0% used [0x00000000fef80000,0x00000000fef80000,0x0000000100000000)
 ParOldGen       total 175104K, used 21624K [0x00000000e0000000, 0x00000000eab00000, 0x00000000f5580000)
  object space 175104K, 12% used [0x00000000e0000000,0x00000000e151e008,0x00000000eab00000)
 Metaspace       used 51121K, capacity 53563K, committed 53632K, reserved 1095680K
  class space    used 7024K, capacity 7531K, committed 7552K, reserved 1048576K
}
Event: 61.555 GC heap before
{Heap before GC invocations=12 (full 2):
 PSYoungGen      total 157696K, used 157688K [0x00000000f5580000, 0x0000000100000000, 0x0000000100000000)
  eden space 140800K, 99% used [0x00000000f5580000,0x00000000fdefff70,0x00000000fdf00000)
  from space 16896K, 99% used [0x00000000fdf00000,0x00000000fef7e238,0x00000000fef80000)
  to   space 16896K, 0% used [0x00000000fef80000,0x00000000fef80000,0x0000000100000000)
 ParOldGen       total 175104K, used 21624K [0x00000000e0000000, 0x00000000eab00000, 0x00000000f5580000)
  object space 175104K, 12% used [0x00000000e0000000,0x00000000e151e008,0x00000000eab00000)
 Metaspace       used 52911K, capacity 55523K, committed 55808K, reserved 1097728K
  class space    used 7099K, capacity 7649K, committed 7680K, reserved 1048576K
Event: 61.593 GC heap after
Heap after GC invocations=12 (full 2):
 PSYoungGen      total 148480K, used 13512K [0x00000000f5580000, 0x0000000100000000, 0x0000000100000000)
  eden space 131584K, 0% used [0x00000000f5580000,0x00000000f5580000,0x00000000fd600000)
  from space 16896K, 79% used [0x00000000fef80000,0x00000000ffcb2390,0x0000000100000000)
  to   space 21504K, 0% used [0x00000000fd600000,0x00000000fd600000,0x00000000feb00000)
 ParOldGen       total 175104K, used 28589K [0x00000000e0000000, 0x00000000eab00000, 0x00000000f5580000)
  object space 175104K, 16% used [0x00000000e0000000,0x00000000e1beb670,0x00000000eab00000)
 Metaspace       used 52911K, capacity 55523K, committed 55808K, reserved 1097728K
  class space    used 7099K, capacity 7649K, committed 7680K, reserved 1048576K
}

